[2.995s] Invoking command in '/home/jblevins32/ros2_ws/py_pubsub': PYTHONPATH=/home/jblevins32/ros2_ws/build/py_pubsub/prefix_override:/home/jblevins32/ros2_ws/install/py_pubsub/lib/python3.10/site-packages:${PYTHONPATH} /usr/bin/python3 -W ignore:setup.py install is deprecated setup.py egg_info --egg-base ../build/py_pubsub build --build-base /home/jblevins32/ros2_ws/build/py_pubsub/build install --record /home/jblevins32/ros2_ws/build/py_pubsub/install.log --single-version-externally-managed install_data
[4.163s] running egg_info
[4.166s] writing ../build/py_pubsub/py_pubsub.egg-info/PKG-INFO
[4.167s] writing dependency_links to ../build/py_pubsub/py_pubsub.egg-info/dependency_links.txt
[4.168s] writing entry points to ../build/py_pubsub/py_pubsub.egg-info/entry_points.txt
[4.169s] writing requirements to ../build/py_pubsub/py_pubsub.egg-info/requires.txt
[4.170s] writing top-level names to ../build/py_pubsub/py_pubsub.egg-info/top_level.txt
[4.178s] reading manifest file '../build/py_pubsub/py_pubsub.egg-info/SOURCES.txt'
[4.179s] adding license file 'LICENSE'
[4.182s] writing manifest file '../build/py_pubsub/py_pubsub.egg-info/SOURCES.txt'
[4.183s] running build
[4.183s] running build_py
[4.184s] running install
[4.186s] running install_lib
[4.192s] running install_data
[4.193s] copying package.xml -> /home/jblevins32/ros2_ws/install/py_pubsub/share/py_pubsub
[4.193s] running install_egg_info
[4.200s] removing '/home/jblevins32/ros2_ws/install/py_pubsub/lib/python3.10/site-packages/py_pubsub-0.0.0-py3.10.egg-info' (and everything under it)
[4.201s] Copying ../build/py_pubsub/py_pubsub.egg-info to /home/jblevins32/ros2_ws/install/py_pubsub/lib/python3.10/site-packages/py_pubsub-0.0.0-py3.10.egg-info
[4.207s] running install_scripts
[4.289s] Installing listener script to /home/jblevins32/ros2_ws/install/py_pubsub/lib/py_pubsub
[4.290s] Installing talker script to /home/jblevins32/ros2_ws/install/py_pubsub/lib/py_pubsub
[4.291s] writing list of installed files to '/home/jblevins32/ros2_ws/build/py_pubsub/install.log'
[4.412s] Invoked command in '/home/jblevins32/ros2_ws/py_pubsub' returned '0': PYTHONPATH=/home/jblevins32/ros2_ws/build/py_pubsub/prefix_override:/home/jblevins32/ros2_ws/install/py_pubsub/lib/python3.10/site-packages:${PYTHONPATH} /usr/bin/python3 -W ignore:setup.py install is deprecated setup.py egg_info --egg-base ../build/py_pubsub build --build-base /home/jblevins32/ros2_ws/build/py_pubsub/build install --record /home/jblevins32/ros2_ws/build/py_pubsub/install.log --single-version-externally-managed install_data
