[3.266s] Invoking command in '/home/jblevins32/ros2_ws/py_pubsub': PYTHONPATH=/home/jblevins32/ros2_ws/build/py_pubsub/prefix_override:/home/jblevins32/ros2_ws/install/py_pubsub/lib/python3.10/site-packages:${PYTHONPATH} /usr/bin/python3 -W ignore:setup.py install is deprecated setup.py egg_info --egg-base ../build/py_pubsub build --build-base /home/jblevins32/ros2_ws/build/py_pubsub/build install --record /home/jblevins32/ros2_ws/build/py_pubsub/install.log --single-version-externally-managed install_data
[4.535s] running egg_info
[4.538s] writing ../build/py_pubsub/py_pubsub.egg-info/PKG-INFO
[4.541s] writing dependency_links to ../build/py_pubsub/py_pubsub.egg-info/dependency_links.txt
[4.542s] writing entry points to ../build/py_pubsub/py_pubsub.egg-info/entry_points.txt
[4.543s] writing requirements to ../build/py_pubsub/py_pubsub.egg-info/requires.txt
[4.544s] writing top-level names to ../build/py_pubsub/py_pubsub.egg-info/top_level.txt
[4.552s] reading manifest file '../build/py_pubsub/py_pubsub.egg-info/SOURCES.txt'
[4.553s] adding license file 'LICENSE'
[4.556s] writing manifest file '../build/py_pubsub/py_pubsub.egg-info/SOURCES.txt'
[4.557s] running build
[4.557s] running build_py
[4.559s] running install
[4.560s] running install_lib
[4.567s] running install_data
[4.567s] running install_egg_info
[4.576s] removing '/home/jblevins32/ros2_ws/install/py_pubsub/lib/python3.10/site-packages/py_pubsub-0.0.0-py3.10.egg-info' (and everything under it)
[4.578s] Copying ../build/py_pubsub/py_pubsub.egg-info to /home/jblevins32/ros2_ws/install/py_pubsub/lib/python3.10/site-packages/py_pubsub-0.0.0-py3.10.egg-info
[4.583s] running install_scripts
[4.675s] Installing listener script to /home/jblevins32/ros2_ws/install/py_pubsub/lib/py_pubsub
[4.675s] Installing talker script to /home/jblevins32/ros2_ws/install/py_pubsub/lib/py_pubsub
[4.677s] writing list of installed files to '/home/jblevins32/ros2_ws/build/py_pubsub/install.log'
[4.813s] Invoked command in '/home/jblevins32/ros2_ws/py_pubsub' returned '0': PYTHONPATH=/home/jblevins32/ros2_ws/build/py_pubsub/prefix_override:/home/jblevins32/ros2_ws/install/py_pubsub/lib/python3.10/site-packages:${PYTHONPATH} /usr/bin/python3 -W ignore:setup.py install is deprecated setup.py egg_info --egg-base ../build/py_pubsub build --build-base /home/jblevins32/ros2_ws/build/py_pubsub/build install --record /home/jblevins32/ros2_ws/build/py_pubsub/install.log --single-version-externally-managed install_data
