[6.943s] Invoking command in '/home/jblevins32/ros2_ws/py_pubsub': PYTHONPATH=/home/jblevins32/ros2_ws/build/py_pubsub/prefix_override:/home/jblevins32/ros2_ws/install/py_pubsub/lib/python3.10/site-packages:${PYTHONPATH} /usr/bin/python3 -W ignore:setup.py install is deprecated setup.py egg_info --egg-base ../build/py_pubsub build --build-base /home/jblevins32/ros2_ws/build/py_pubsub/build install --record /home/jblevins32/ros2_ws/build/py_pubsub/install.log --single-version-externally-managed install_data
[9.435s] running egg_info
[9.440s] writing ../build/py_pubsub/py_pubsub.egg-info/PKG-INFO
[9.442s] writing dependency_links to ../build/py_pubsub/py_pubsub.egg-info/dependency_links.txt
[9.445s] writing entry points to ../build/py_pubsub/py_pubsub.egg-info/entry_points.txt
[9.446s] writing requirements to ../build/py_pubsub/py_pubsub.egg-info/requires.txt
[9.446s] writing top-level names to ../build/py_pubsub/py_pubsub.egg-info/top_level.txt
[9.462s] reading manifest file '../build/py_pubsub/py_pubsub.egg-info/SOURCES.txt'
[9.464s] adding license file 'LICENSE'
[9.468s] writing manifest file '../build/py_pubsub/py_pubsub.egg-info/SOURCES.txt'
[9.469s] running build
[9.470s] running build_py
[9.471s] copying py_pubsub/subscriber_member_function.py -> /home/jblevins32/ros2_ws/build/py_pubsub/build/lib/py_pubsub
[9.474s] running install
[9.475s] running install_lib
[9.480s] copying /home/jblevins32/ros2_ws/build/py_pubsub/build/lib/py_pubsub/subscriber_member_function.py -> /home/jblevins32/ros2_ws/install/py_pubsub/lib/python3.10/site-packages/py_pubsub
[9.483s] byte-compiling /home/jblevins32/ros2_ws/install/py_pubsub/lib/python3.10/site-packages/py_pubsub/subscriber_member_function.py to subscriber_member_function.cpython-310.pyc
[9.486s] running install_data
[9.487s] running install_egg_info
[9.495s] removing '/home/jblevins32/ros2_ws/install/py_pubsub/lib/python3.10/site-packages/py_pubsub-0.0.0-py3.10.egg-info' (and everything under it)
[9.497s] Copying ../build/py_pubsub/py_pubsub.egg-info to /home/jblevins32/ros2_ws/install/py_pubsub/lib/python3.10/site-packages/py_pubsub-0.0.0-py3.10.egg-info
[9.519s] running install_scripts
[9.701s] Installing listener script to /home/jblevins32/ros2_ws/install/py_pubsub/lib/py_pubsub
[9.702s] Installing talker script to /home/jblevins32/ros2_ws/install/py_pubsub/lib/py_pubsub
[9.704s] writing list of installed files to '/home/jblevins32/ros2_ws/build/py_pubsub/install.log'
[10.003s] Invoked command in '/home/jblevins32/ros2_ws/py_pubsub' returned '0': PYTHONPATH=/home/jblevins32/ros2_ws/build/py_pubsub/prefix_override:/home/jblevins32/ros2_ws/install/py_pubsub/lib/python3.10/site-packages:${PYTHONPATH} /usr/bin/python3 -W ignore:setup.py install is deprecated setup.py egg_info --egg-base ../build/py_pubsub build --build-base /home/jblevins32/ros2_ws/build/py_pubsub/build install --record /home/jblevins32/ros2_ws/build/py_pubsub/install.log --single-version-externally-managed install_data
