[3.281s] Invoking command in '/home/jblevins32/ros2_ws/py_pubsub': PYTHONPATH=/home/jblevins32/ros2_ws/build/py_pubsub/prefix_override:/home/jblevins32/ros2_ws/install/py_pubsub/lib/python3.10/site-packages:${PYTHONPATH} /usr/bin/python3 -W ignore:setup.py install is deprecated setup.py egg_info --egg-base ../build/py_pubsub build --build-base /home/jblevins32/ros2_ws/build/py_pubsub/build install --record /home/jblevins32/ros2_ws/build/py_pubsub/install.log --single-version-externally-managed install_data
[4.553s] running egg_info
[4.555s] creating ../build/py_pubsub/py_pubsub.egg-info
[4.556s] writing ../build/py_pubsub/py_pubsub.egg-info/PKG-INFO
[4.559s] writing dependency_links to ../build/py_pubsub/py_pubsub.egg-info/dependency_links.txt
[4.560s] writing entry points to ../build/py_pubsub/py_pubsub.egg-info/entry_points.txt
[4.561s] writing requirements to ../build/py_pubsub/py_pubsub.egg-info/requires.txt
[4.561s] writing top-level names to ../build/py_pubsub/py_pubsub.egg-info/top_level.txt
[4.562s] writing manifest file '../build/py_pubsub/py_pubsub.egg-info/SOURCES.txt'
[4.570s] reading manifest file '../build/py_pubsub/py_pubsub.egg-info/SOURCES.txt'
[4.571s] adding license file 'LICENSE'
[4.573s] writing manifest file '../build/py_pubsub/py_pubsub.egg-info/SOURCES.txt'
[4.574s] running build
[4.574s] running build_py
[4.575s] creating /home/jblevins32/ros2_ws/build/py_pubsub/build
[4.575s] creating /home/jblevins32/ros2_ws/build/py_pubsub/build/lib
[4.576s] creating /home/jblevins32/ros2_ws/build/py_pubsub/build/lib/py_pubsub
[4.576s] copying py_pubsub/__init__.py -> /home/jblevins32/ros2_ws/build/py_pubsub/build/lib/py_pubsub
[4.577s] copying py_pubsub/publisher_member_function.py -> /home/jblevins32/ros2_ws/build/py_pubsub/build/lib/py_pubsub
[4.577s] copying py_pubsub/subscriber_member_function.py -> /home/jblevins32/ros2_ws/build/py_pubsub/build/lib/py_pubsub
[4.578s] running install
[4.580s] running install_lib
[4.583s] creating /home/jblevins32/ros2_ws/install/py_pubsub/lib/python3.10/site-packages/py_pubsub
[4.584s] copying /home/jblevins32/ros2_ws/build/py_pubsub/build/lib/py_pubsub/__init__.py -> /home/jblevins32/ros2_ws/install/py_pubsub/lib/python3.10/site-packages/py_pubsub
[4.584s] copying /home/jblevins32/ros2_ws/build/py_pubsub/build/lib/py_pubsub/publisher_member_function.py -> /home/jblevins32/ros2_ws/install/py_pubsub/lib/python3.10/site-packages/py_pubsub
[4.585s] copying /home/jblevins32/ros2_ws/build/py_pubsub/build/lib/py_pubsub/subscriber_member_function.py -> /home/jblevins32/ros2_ws/install/py_pubsub/lib/python3.10/site-packages/py_pubsub
[4.591s] byte-compiling /home/jblevins32/ros2_ws/install/py_pubsub/lib/python3.10/site-packages/py_pubsub/__init__.py to __init__.cpython-310.pyc
[4.592s] byte-compiling /home/jblevins32/ros2_ws/install/py_pubsub/lib/python3.10/site-packages/py_pubsub/publisher_member_function.py to publisher_member_function.cpython-310.pyc
[4.594s] byte-compiling /home/jblevins32/ros2_ws/install/py_pubsub/lib/python3.10/site-packages/py_pubsub/subscriber_member_function.py to subscriber_member_function.cpython-310.pyc
[4.596s] running install_data
[4.597s] creating /home/jblevins32/ros2_ws/install/py_pubsub/share/ament_index
[4.597s] creating /home/jblevins32/ros2_ws/install/py_pubsub/share/ament_index/resource_index
[4.598s] creating /home/jblevins32/ros2_ws/install/py_pubsub/share/ament_index/resource_index/packages
[4.598s] copying resource/py_pubsub -> /home/jblevins32/ros2_ws/install/py_pubsub/share/ament_index/resource_index/packages
[4.599s] copying package.xml -> /home/jblevins32/ros2_ws/install/py_pubsub/share/py_pubsub
[4.599s] running install_egg_info
[4.606s] Copying ../build/py_pubsub/py_pubsub.egg-info to /home/jblevins32/ros2_ws/install/py_pubsub/lib/python3.10/site-packages/py_pubsub-0.0.0-py3.10.egg-info
[4.611s] running install_scripts
[4.702s] Installing listener script to /home/jblevins32/ros2_ws/install/py_pubsub/lib/py_pubsub
[4.703s] Installing talker script to /home/jblevins32/ros2_ws/install/py_pubsub/lib/py_pubsub
[4.705s] writing list of installed files to '/home/jblevins32/ros2_ws/build/py_pubsub/install.log'
[4.844s] Invoked command in '/home/jblevins32/ros2_ws/py_pubsub' returned '0': PYTHONPATH=/home/jblevins32/ros2_ws/build/py_pubsub/prefix_override:/home/jblevins32/ros2_ws/install/py_pubsub/lib/python3.10/site-packages:${PYTHONPATH} /usr/bin/python3 -W ignore:setup.py install is deprecated setup.py egg_info --egg-base ../build/py_pubsub build --build-base /home/jblevins32/ros2_ws/build/py_pubsub/build install --record /home/jblevins32/ros2_ws/build/py_pubsub/install.log --single-version-externally-managed install_data
