[1.001s] DEBUG:colcon:Command line arguments: ['/usr/bin/colcon', 'build', '--packages-select', 'py_pubsub']
[1.001s] DEBUG:colcon:Parsed command line arguments: Namespace(log_base=None, log_level=None, verb_name='build', build_base='build', install_base='install', merge_install=False, symlink_install=False, test_result_base=None, continue_on_error=False, executor='parallel', parallel_workers=4, event_handlers=None, ignore_user_meta=False, metas=['./colcon.meta'], base_paths=['.'], packages_ignore=None, packages_ignore_regex=None, paths=None, packages_up_to=None, packages_up_to_regex=None, packages_above=None, packages_above_and_dependencies=None, packages_above_depth=None, packages_select_by_dep=None, packages_skip_by_dep=None, packages_skip_up_to=None, packages_select_build_failed=False, packages_skip_build_finished=False, packages_select_test_failures=False, packages_skip_test_passed=False, packages_select=['py_pubsub'], packages_skip=None, packages_select_regex=None, packages_skip_regex=None, packages_start=None, packages_end=None, allow_overriding=[], cmake_args=None, cmake_target=None, cmake_target_skip_unavailable=False, cmake_clean_cache=False, cmake_clean_first=False, cmake_force_configure=False, ament_cmake_args=None, catkin_cmake_args=None, catkin_skip_building_tests=False, mixin_files=None, mixin=None, verb_parser=<colcon_mixin.mixin.mixin_argument.MixinArgumentDecorator object at 0xffff9b2a9f60>, verb_extension=<colcon_core.verb.build.BuildVerb object at 0xffff9b3ee530>, main=<bound method BuildVerb.main of <colcon_core.verb.build.BuildVerb object at 0xffff9b3ee530>>, mixin_verb=('build',))
[2.709s] Level 1:colcon.colcon_core.package_discovery:discover_packages(colcon_meta) check parameters
[2.709s] Level 1:colcon.colcon_core.package_discovery:discover_packages(recursive) check parameters
[2.710s] Level 1:colcon.colcon_core.package_discovery:discover_packages(ignore) check parameters
[2.710s] Level 1:colcon.colcon_core.package_discovery:discover_packages(path) check parameters
[2.710s] Level 1:colcon.colcon_core.package_discovery:discover_packages(colcon_meta) discover
[2.710s] Level 1:colcon.colcon_core.package_discovery:discover_packages(recursive) discover
[2.711s] INFO:colcon.colcon_core.package_discovery:Crawling recursively for packages in '/home/jblevins32/ros2_ws'
[2.711s] Level 1:colcon.colcon_core.package_identification:_identify(.) by extensions ['ignore', 'ignore_ament_install']
[2.712s] Level 1:colcon.colcon_core.package_identification:_identify(.) by extension 'ignore'
[2.712s] Level 1:colcon.colcon_core.package_identification:_identify(.) by extension 'ignore_ament_install'
[2.712s] Level 1:colcon.colcon_core.package_identification:_identify(.) by extensions ['colcon_pkg']
[2.712s] Level 1:colcon.colcon_core.package_identification:_identify(.) by extension 'colcon_pkg'
[2.713s] Level 1:colcon.colcon_core.package_identification:_identify(.) by extensions ['colcon_meta']
[2.713s] Level 1:colcon.colcon_core.package_identification:_identify(.) by extension 'colcon_meta'
[2.713s] Level 1:colcon.colcon_core.package_identification:_identify(.) by extensions ['ros']
[2.713s] Level 1:colcon.colcon_core.package_identification:_identify(.) by extension 'ros'
[2.784s] Level 1:colcon.colcon_core.package_identification:_identify(.) by extensions ['cmake', 'python']
[2.784s] Level 1:colcon.colcon_core.package_identification:_identify(.) by extension 'cmake'
[2.785s] Level 1:colcon.colcon_core.package_identification:_identify(.) by extension 'python'
[2.787s] Level 1:colcon.colcon_core.package_identification:_identify(.) by extensions ['python_setup_py']
[2.789s] Level 1:colcon.colcon_core.package_identification:_identify(.) by extension 'python_setup_py'
[2.792s] Level 1:colcon.colcon_core.package_identification:_identify(build) by extensions ['ignore', 'ignore_ament_install']
[2.793s] Level 1:colcon.colcon_core.package_identification:_identify(build) by extension 'ignore'
[2.794s] Level 1:colcon.colcon_core.package_identification:_identify(build) ignored
[2.796s] Level 1:colcon.colcon_core.package_identification:_identify(install) by extensions ['ignore', 'ignore_ament_install']
[2.798s] Level 1:colcon.colcon_core.package_identification:_identify(install) by extension 'ignore'
[2.799s] Level 1:colcon.colcon_core.package_identification:_identify(install) ignored
[2.801s] Level 1:colcon.colcon_core.package_identification:_identify(log) by extensions ['ignore', 'ignore_ament_install']
[2.802s] Level 1:colcon.colcon_core.package_identification:_identify(log) by extension 'ignore'
[2.803s] Level 1:colcon.colcon_core.package_identification:_identify(log) ignored
[2.804s] Level 1:colcon.colcon_core.package_identification:_identify(py_pubsub) by extensions ['ignore', 'ignore_ament_install']
[2.805s] Level 1:colcon.colcon_core.package_identification:_identify(py_pubsub) by extension 'ignore'
[2.806s] Level 1:colcon.colcon_core.package_identification:_identify(py_pubsub) by extension 'ignore_ament_install'
[2.808s] Level 1:colcon.colcon_core.package_identification:_identify(py_pubsub) by extensions ['colcon_pkg']
[2.809s] Level 1:colcon.colcon_core.package_identification:_identify(py_pubsub) by extension 'colcon_pkg'
[2.810s] Level 1:colcon.colcon_core.package_identification:_identify(py_pubsub) by extensions ['colcon_meta']
[2.811s] Level 1:colcon.colcon_core.package_identification:_identify(py_pubsub) by extension 'colcon_meta'
[2.813s] Level 1:colcon.colcon_core.package_identification:_identify(py_pubsub) by extensions ['ros']
[2.814s] Level 1:colcon.colcon_core.package_identification:_identify(py_pubsub) by extension 'ros'
[2.835s] DEBUG:colcon.colcon_core.package_identification:Package 'py_pubsub' with type 'ros.ament_python' and name 'py_pubsub'
[2.837s] Level 1:colcon.colcon_core.package_discovery:discover_packages(recursive) using defaults
[2.838s] Level 1:colcon.colcon_core.package_discovery:discover_packages(ignore) discover
[2.839s] Level 1:colcon.colcon_core.package_discovery:discover_packages(ignore) using defaults
[2.841s] Level 1:colcon.colcon_core.package_discovery:discover_packages(path) discover
[2.842s] Level 1:colcon.colcon_core.package_discovery:discover_packages(path) using defaults
[3.120s] Level 1:colcon.colcon_core.package_discovery:discover_packages(prefix_path) check parameters
[3.122s] Level 1:colcon.colcon_core.package_discovery:discover_packages(prefix_path) discover
[3.143s] DEBUG:colcon.colcon_installed_package_information.package_discovery:Found 1 installed packages in /home/jblevins32/ros2_ws/install
[3.147s] DEBUG:colcon.colcon_installed_package_information.package_discovery:Found 7 installed packages in /home/jblevins32/turtlebot3_ws/install
[3.158s] DEBUG:colcon.colcon_installed_package_information.package_discovery:Found 327 installed packages in /opt/ros/humble
[3.165s] Level 1:colcon.colcon_core.package_discovery:discover_packages(prefix_path) using defaults
[3.619s] Level 5:colcon.colcon_core.verb:set package 'py_pubsub' build argument 'cmake_args' from command line to 'None'
[3.619s] Level 5:colcon.colcon_core.verb:set package 'py_pubsub' build argument 'cmake_target' from command line to 'None'
[3.620s] Level 5:colcon.colcon_core.verb:set package 'py_pubsub' build argument 'cmake_target_skip_unavailable' from command line to 'False'
[3.620s] Level 5:colcon.colcon_core.verb:set package 'py_pubsub' build argument 'cmake_clean_cache' from command line to 'False'
[3.621s] Level 5:colcon.colcon_core.verb:set package 'py_pubsub' build argument 'cmake_clean_first' from command line to 'False'
[3.621s] Level 5:colcon.colcon_core.verb:set package 'py_pubsub' build argument 'cmake_force_configure' from command line to 'False'
[3.621s] Level 5:colcon.colcon_core.verb:set package 'py_pubsub' build argument 'ament_cmake_args' from command line to 'None'
[3.622s] Level 5:colcon.colcon_core.verb:set package 'py_pubsub' build argument 'catkin_cmake_args' from command line to 'None'
[3.622s] Level 5:colcon.colcon_core.verb:set package 'py_pubsub' build argument 'catkin_skip_building_tests' from command line to 'False'
[3.623s] DEBUG:colcon.colcon_core.verb:Building package 'py_pubsub' with the following arguments: {'ament_cmake_args': None, 'build_base': '/home/jblevins32/ros2_ws/build/py_pubsub', 'catkin_cmake_args': None, 'catkin_skip_building_tests': False, 'cmake_args': None, 'cmake_clean_cache': False, 'cmake_clean_first': False, 'cmake_force_configure': False, 'cmake_target': None, 'cmake_target_skip_unavailable': False, 'install_base': '/home/jblevins32/ros2_ws/install/py_pubsub', 'merge_install': False, 'path': '/home/jblevins32/ros2_ws/py_pubsub', 'symlink_install': False, 'test_result_base': None}
[3.625s] INFO:colcon.colcon_core.executor:Executing jobs using 'parallel' executor
[3.633s] DEBUG:colcon.colcon_parallel_executor.executor.parallel:run_until_complete
[3.636s] INFO:colcon.colcon_ros.task.ament_python.build:Building ROS package in '/home/jblevins32/ros2_ws/py_pubsub' with build type 'ament_python'
[3.637s] Level 1:colcon.colcon_core.shell:create_environment_hook('py_pubsub', 'ament_prefix_path')
[3.660s] INFO:colcon.colcon_core.plugin_system:Skipping extension 'colcon_core.shell.bat': Not used on non-Windows systems
[3.662s] INFO:colcon.colcon_core.shell:Creating environment hook '/home/jblevins32/ros2_ws/install/py_pubsub/share/py_pubsub/hook/ament_prefix_path.ps1'
[3.671s] INFO:colcon.colcon_core.shell:Creating environment descriptor '/home/jblevins32/ros2_ws/install/py_pubsub/share/py_pubsub/hook/ament_prefix_path.dsv'
[3.676s] INFO:colcon.colcon_core.shell:Creating environment hook '/home/jblevins32/ros2_ws/install/py_pubsub/share/py_pubsub/hook/ament_prefix_path.sh'
[3.682s] INFO:colcon.colcon_core.shell:Skip shell extension 'powershell' for command environment: Not usable outside of PowerShell
[3.684s] DEBUG:colcon.colcon_core.shell:Skip shell extension 'dsv' for command environment
[6.621s] INFO:colcon.colcon_core.task.python.build:Building Python package in '/home/jblevins32/ros2_ws/py_pubsub'
[6.625s] INFO:colcon.colcon_core.shell:Skip shell extension 'powershell' for command environment: Not usable outside of PowerShell
[6.626s] DEBUG:colcon.colcon_core.shell:Skip shell extension 'dsv' for command environment
[10.583s] DEBUG:colcon.colcon_core.event_handler.log_command:Invoking command in '/home/jblevins32/ros2_ws/py_pubsub': PYTHONPATH=/home/jblevins32/ros2_ws/build/py_pubsub/prefix_override:/home/jblevins32/ros2_ws/install/py_pubsub/lib/python3.10/site-packages:${PYTHONPATH} /usr/bin/python3 -W ignore:setup.py install is deprecated setup.py egg_info --egg-base ../build/py_pubsub build --build-base /home/jblevins32/ros2_ws/build/py_pubsub/build install --record /home/jblevins32/ros2_ws/build/py_pubsub/install.log --single-version-externally-managed install_data
[13.642s] DEBUG:colcon.colcon_core.event_handler.log_command:Invoked command in '/home/jblevins32/ros2_ws/py_pubsub' returned '0': PYTHONPATH=/home/jblevins32/ros2_ws/build/py_pubsub/prefix_override:/home/jblevins32/ros2_ws/install/py_pubsub/lib/python3.10/site-packages:${PYTHONPATH} /usr/bin/python3 -W ignore:setup.py install is deprecated setup.py egg_info --egg-base ../build/py_pubsub build --build-base /home/jblevins32/ros2_ws/build/py_pubsub/build install --record /home/jblevins32/ros2_ws/build/py_pubsub/install.log --single-version-externally-managed install_data
[13.668s] Level 1:colcon.colcon_core.environment:checking '/home/jblevins32/ros2_ws/install/py_pubsub' for CMake module files
[13.672s] Level 1:colcon.colcon_core.environment:checking '/home/jblevins32/ros2_ws/install/py_pubsub' for CMake config files
[13.679s] Level 1:colcon.colcon_core.environment:checking '/home/jblevins32/ros2_ws/install/py_pubsub/lib'
[13.683s] Level 1:colcon.colcon_core.environment:checking '/home/jblevins32/ros2_ws/install/py_pubsub/bin'
[13.684s] Level 1:colcon.colcon_core.environment:checking '/home/jblevins32/ros2_ws/install/py_pubsub/lib/pkgconfig/py_pubsub.pc'
[13.686s] Level 1:colcon.colcon_core.environment:checking '/home/jblevins32/ros2_ws/install/py_pubsub/lib/python3.10/site-packages'
[13.688s] Level 1:colcon.colcon_core.shell:create_environment_hook('py_pubsub', 'pythonpath')
[13.690s] INFO:colcon.colcon_core.shell:Creating environment hook '/home/jblevins32/ros2_ws/install/py_pubsub/share/py_pubsub/hook/pythonpath.ps1'
[13.695s] INFO:colcon.colcon_core.shell:Creating environment descriptor '/home/jblevins32/ros2_ws/install/py_pubsub/share/py_pubsub/hook/pythonpath.dsv'
[13.702s] INFO:colcon.colcon_core.shell:Creating environment hook '/home/jblevins32/ros2_ws/install/py_pubsub/share/py_pubsub/hook/pythonpath.sh'
[13.719s] Level 1:colcon.colcon_core.environment:checking '/home/jblevins32/ros2_ws/install/py_pubsub/bin'
[13.722s] Level 1:colcon.colcon_core.environment:create_environment_scripts_only(py_pubsub)
[13.728s] INFO:colcon.colcon_core.shell:Creating package script '/home/jblevins32/ros2_ws/install/py_pubsub/share/py_pubsub/package.ps1'
[13.733s] INFO:colcon.colcon_core.shell:Creating package descriptor '/home/jblevins32/ros2_ws/install/py_pubsub/share/py_pubsub/package.dsv'
[13.737s] INFO:colcon.colcon_core.shell:Creating package script '/home/jblevins32/ros2_ws/install/py_pubsub/share/py_pubsub/package.sh'
[13.743s] INFO:colcon.colcon_core.shell:Creating package script '/home/jblevins32/ros2_ws/install/py_pubsub/share/py_pubsub/package.bash'
[13.747s] INFO:colcon.colcon_core.shell:Creating package script '/home/jblevins32/ros2_ws/install/py_pubsub/share/py_pubsub/package.zsh'
[13.752s] Level 1:colcon.colcon_core.environment:create_file_with_runtime_dependencies(/home/jblevins32/ros2_ws/install/py_pubsub/share/colcon-core/packages/py_pubsub)
[13.755s] DEBUG:colcon.colcon_parallel_executor.executor.parallel:closing loop
[13.757s] DEBUG:colcon.colcon_parallel_executor.executor.parallel:loop closed
[13.758s] DEBUG:colcon.colcon_parallel_executor.executor.parallel:run_until_complete finished with '0'
[13.758s] DEBUG:colcon.colcon_core.event_reactor:joining thread
[13.790s] INFO:colcon.colcon_core.plugin_system:Skipping extension 'colcon_notification.desktop_notification.notify_send': Could not find 'notify-send'
[13.791s] INFO:colcon.colcon_core.plugin_system:Skipping extension 'colcon_notification.desktop_notification.terminal_notifier': Not used on non-Darwin systems
[13.792s] INFO:colcon.colcon_core.plugin_system:Skipping extension 'colcon_notification.desktop_notification.win32': Not used on non-Windows systems
[13.792s] INFO:colcon.colcon_notification.desktop_notification:Sending desktop notification using 'notify2'
[13.796s] DEBUG:colcon.colcon_notification.desktop_notification.notify2:Failed to initialize notify2: org.freedesktop.DBus.Error.ServiceUnknown: The name org.freedesktop.Notifications was not provided by any .service files
[13.797s] DEBUG:colcon.colcon_core.event_reactor:joined thread
[13.799s] INFO:colcon.colcon_core.shell:Creating prefix script '/home/jblevins32/ros2_ws/install/local_setup.ps1'
[13.804s] INFO:colcon.colcon_core.shell:Creating prefix util module '/home/jblevins32/ros2_ws/install/_local_setup_util_ps1.py'
[13.812s] INFO:colcon.colcon_core.shell:Creating prefix chain script '/home/jblevins32/ros2_ws/install/setup.ps1'
[13.821s] INFO:colcon.colcon_core.shell:Creating prefix script '/home/jblevins32/ros2_ws/install/local_setup.sh'
[13.823s] INFO:colcon.colcon_core.shell:Creating prefix util module '/home/jblevins32/ros2_ws/install/_local_setup_util_sh.py'
[13.826s] INFO:colcon.colcon_core.shell:Creating prefix chain script '/home/jblevins32/ros2_ws/install/setup.sh'
[13.832s] INFO:colcon.colcon_core.shell:Creating prefix script '/home/jblevins32/ros2_ws/install/local_setup.bash'
[13.835s] INFO:colcon.colcon_core.shell:Creating prefix chain script '/home/jblevins32/ros2_ws/install/setup.bash'
[13.844s] INFO:colcon.colcon_core.shell:Creating prefix script '/home/jblevins32/ros2_ws/install/local_setup.zsh'
[13.852s] INFO:colcon.colcon_core.shell:Creating prefix chain script '/home/jblevins32/ros2_ws/install/setup.zsh'
