[7.165s] Invoking command in '/home/jblevins32/ros2_ws/py_pubsub': PYTHONPATH=/home/jblevins32/ros2_ws/build/py_pubsub/prefix_override:/home/jblevins32/ros2_ws/install/py_pubsub/lib/python3.10/site-packages:${PYTHONPATH} /usr/bin/python3 -W ignore:setup.py install is deprecated setup.py egg_info --egg-base ../build/py_pubsub build --build-base /home/jblevins32/ros2_ws/build/py_pubsub/build install --record /home/jblevins32/ros2_ws/build/py_pubsub/install.log --single-version-externally-managed install_data
[9.795s] running egg_info
[9.801s] writing ../build/py_pubsub/py_pubsub.egg-info/PKG-INFO
[9.803s] writing dependency_links to ../build/py_pubsub/py_pubsub.egg-info/dependency_links.txt
[9.805s] writing entry points to ../build/py_pubsub/py_pubsub.egg-info/entry_points.txt
[9.811s] writing requirements to ../build/py_pubsub/py_pubsub.egg-info/requires.txt
[9.816s] writing top-level names to ../build/py_pubsub/py_pubsub.egg-info/top_level.txt
[9.848s] reading manifest file '../build/py_pubsub/py_pubsub.egg-info/SOURCES.txt'
[9.853s] adding license file 'LICENSE'
[9.859s] writing manifest file '../build/py_pubsub/py_pubsub.egg-info/SOURCES.txt'
[9.862s] running build
[9.866s] running build_py
[9.869s] running install
[9.871s] running install_lib
[9.882s] running install_data
[9.883s] running install_egg_info
[9.894s] removing '/home/jblevins32/ros2_ws/install/py_pubsub/lib/python3.10/site-packages/py_pubsub-0.0.0-py3.10.egg-info' (and everything under it)
[9.897s] Copying ../build/py_pubsub/py_pubsub.egg-info to /home/jblevins32/ros2_ws/install/py_pubsub/lib/python3.10/site-packages/py_pubsub-0.0.0-py3.10.egg-info
[9.906s] running install_scripts
[10.159s] Installing listener script to /home/jblevins32/ros2_ws/install/py_pubsub/lib/py_pubsub
[10.166s] Installing talker script to /home/jblevins32/ros2_ws/install/py_pubsub/lib/py_pubsub
[10.172s] writing list of installed files to '/home/jblevins32/ros2_ws/build/py_pubsub/install.log'
[10.538s] Invoked command in '/home/jblevins32/ros2_ws/py_pubsub' returned '0': PYTHONPATH=/home/jblevins32/ros2_ws/build/py_pubsub/prefix_override:/home/jblevins32/ros2_ws/install/py_pubsub/lib/python3.10/site-packages:${PYTHONPATH} /usr/bin/python3 -W ignore:setup.py install is deprecated setup.py egg_info --egg-base ../build/py_pubsub build --build-base /home/jblevins32/ros2_ws/build/py_pubsub/build install --record /home/jblevins32/ros2_ws/build/py_pubsub/install.log --single-version-externally-managed install_data
