[3.475s] Invoking command in '/home/jblevins32/ros2_ws/py_pubsub': PYTHONPATH=/home/jblevins32/ros2_ws/build/py_pubsub/prefix_override:/home/jblevins32/ros2_ws/install/py_pubsub/lib/python3.10/site-packages:${PYTHONPATH} /usr/bin/python3 -W ignore:setup.py install is deprecated setup.py egg_info --egg-base ../build/py_pubsub build --build-base /home/jblevins32/ros2_ws/build/py_pubsub/build install --record /home/jblevins32/ros2_ws/build/py_pubsub/install.log --single-version-externally-managed install_data
[4.643s] running egg_info
[4.646s] writing ../build/py_pubsub/py_pubsub.egg-info/PKG-INFO
[4.647s] writing dependency_links to ../build/py_pubsub/py_pubsub.egg-info/dependency_links.txt
[4.648s] writing entry points to ../build/py_pubsub/py_pubsub.egg-info/entry_points.txt
[4.649s] writing requirements to ../build/py_pubsub/py_pubsub.egg-info/requires.txt
[4.650s] writing top-level names to ../build/py_pubsub/py_pubsub.egg-info/top_level.txt
[4.658s] reading manifest file '../build/py_pubsub/py_pubsub.egg-info/SOURCES.txt'
[4.659s] adding license file 'LICENSE'
[4.662s] writing manifest file '../build/py_pubsub/py_pubsub.egg-info/SOURCES.txt'
[4.663s] running build
[4.663s] running build_py
[4.664s] copying py_pubsub/subscriber_member_function.py -> /home/jblevins32/ros2_ws/build/py_pubsub/build/lib/py_pubsub
[4.666s] running install
[4.667s] running install_lib
[4.671s] copying /home/jblevins32/ros2_ws/build/py_pubsub/build/lib/py_pubsub/subscriber_member_function.py -> /home/jblevins32/ros2_ws/install/py_pubsub/lib/python3.10/site-packages/py_pubsub
[4.675s] byte-compiling /home/jblevins32/ros2_ws/install/py_pubsub/lib/python3.10/site-packages/py_pubsub/subscriber_member_function.py to subscriber_member_function.cpython-310.pyc
[4.677s] running install_data
[4.678s] running install_egg_info
[4.684s] removing '/home/jblevins32/ros2_ws/install/py_pubsub/lib/python3.10/site-packages/py_pubsub-0.0.0-py3.10.egg-info' (and everything under it)
[4.686s] Copying ../build/py_pubsub/py_pubsub.egg-info to /home/jblevins32/ros2_ws/install/py_pubsub/lib/python3.10/site-packages/py_pubsub-0.0.0-py3.10.egg-info
[4.693s] running install_scripts
[4.775s] Installing listener script to /home/jblevins32/ros2_ws/install/py_pubsub/lib/py_pubsub
[4.776s] Installing talker script to /home/jblevins32/ros2_ws/install/py_pubsub/lib/py_pubsub
[4.778s] writing list of installed files to '/home/jblevins32/ros2_ws/build/py_pubsub/install.log'
[4.897s] Invoked command in '/home/jblevins32/ros2_ws/py_pubsub' returned '0': PYTHONPATH=/home/jblevins32/ros2_ws/build/py_pubsub/prefix_override:/home/jblevins32/ros2_ws/install/py_pubsub/lib/python3.10/site-packages:${PYTHONPATH} /usr/bin/python3 -W ignore:setup.py install is deprecated setup.py egg_info --egg-base ../build/py_pubsub build --build-base /home/jblevins32/ros2_ws/build/py_pubsub/build install --record /home/jblevins32/ros2_ws/build/py_pubsub/install.log --single-version-externally-managed install_data
