[3.277s] Invoking command in '/home/jblevins32/ros2_ws/py_pubsub': PYTHONPATH=/home/jblevins32/ros2_ws/build/py_pubsub/prefix_override:/home/jblevins32/ros2_ws/install/py_pubsub/lib/python3.10/site-packages:${PYTHONPATH} /usr/bin/python3 -W ignore:setup.py install is deprecated setup.py egg_info --egg-base ../build/py_pubsub build --build-base /home/jblevins32/ros2_ws/build/py_pubsub/build install --record /home/jblevins32/ros2_ws/build/py_pubsub/install.log --single-version-externally-managed install_data
[4.548s] running egg_info
[4.550s] writing ../build/py_pubsub/py_pubsub.egg-info/PKG-INFO
[4.552s] writing dependency_links to ../build/py_pubsub/py_pubsub.egg-info/dependency_links.txt
[4.553s] writing entry points to ../build/py_pubsub/py_pubsub.egg-info/entry_points.txt
[4.554s] writing requirements to ../build/py_pubsub/py_pubsub.egg-info/requires.txt
[4.554s] writing top-level names to ../build/py_pubsub/py_pubsub.egg-info/top_level.txt
[4.563s] reading manifest file '../build/py_pubsub/py_pubsub.egg-info/SOURCES.txt'
[4.564s] adding license file 'LICENSE'
[4.566s] writing manifest file '../build/py_pubsub/py_pubsub.egg-info/SOURCES.txt'
[4.567s] running build
[4.567s] running build_py
[4.569s] running install
[4.571s] running install_lib
[4.579s] running install_data
[4.579s] running install_egg_info
[4.586s] removing '/home/jblevins32/ros2_ws/install/py_pubsub/lib/python3.10/site-packages/py_pubsub-0.0.0-py3.10.egg-info' (and everything under it)
[4.587s] Copying ../build/py_pubsub/py_pubsub.egg-info to /home/jblevins32/ros2_ws/install/py_pubsub/lib/python3.10/site-packages/py_pubsub-0.0.0-py3.10.egg-info
[4.593s] running install_scripts
[4.684s] Installing listener script to /home/jblevins32/ros2_ws/install/py_pubsub/lib/py_pubsub
[4.685s] Installing talker script to /home/jblevins32/ros2_ws/install/py_pubsub/lib/py_pubsub
[4.687s] writing list of installed files to '/home/jblevins32/ros2_ws/build/py_pubsub/install.log'
[4.825s] Invoked command in '/home/jblevins32/ros2_ws/py_pubsub' returned '0': PYTHONPATH=/home/jblevins32/ros2_ws/build/py_pubsub/prefix_override:/home/jblevins32/ros2_ws/install/py_pubsub/lib/python3.10/site-packages:${PYTHONPATH} /usr/bin/python3 -W ignore:setup.py install is deprecated setup.py egg_info --egg-base ../build/py_pubsub build --build-base /home/jblevins32/ros2_ws/build/py_pubsub/build install --record /home/jblevins32/ros2_ws/build/py_pubsub/install.log --single-version-externally-managed install_data
