[0.991s] DEBUG:colcon:Command line arguments: ['/usr/bin/colcon', 'build', '--packages-select', 'py_pubsub']
[0.992s] DEBUG:colcon:Parsed command line arguments: Namespace(log_base=None, log_level=None, verb_name='build', build_base='build', install_base='install', merge_install=False, symlink_install=False, test_result_base=None, continue_on_error=False, executor='parallel', parallel_workers=4, event_handlers=None, ignore_user_meta=False, metas=['./colcon.meta'], base_paths=['.'], packages_ignore=None, packages_ignore_regex=None, paths=None, packages_up_to=None, packages_up_to_regex=None, packages_above=None, packages_above_and_dependencies=None, packages_above_depth=None, packages_select_by_dep=None, packages_skip_by_dep=None, packages_skip_up_to=None, packages_select_build_failed=False, packages_skip_build_finished=False, packages_select_test_failures=False, packages_skip_test_passed=False, packages_select=['py_pubsub'], packages_skip=None, packages_select_regex=None, packages_skip_regex=None, packages_start=None, packages_end=None, allow_overriding=[], cmake_args=None, cmake_target=None, cmake_target_skip_unavailable=False, cmake_clean_cache=False, cmake_clean_first=False, cmake_force_configure=False, ament_cmake_args=None, catkin_cmake_args=None, catkin_skip_building_tests=False, mixin_files=None, mixin=None, verb_parser=<colcon_mixin.mixin.mixin_argument.MixinArgumentDecorator object at 0xffffa2c51c00>, verb_extension=<colcon_core.verb.build.BuildVerb object at 0xffffa2d8e200>, main=<bound method BuildVerb.main of <colcon_core.verb.build.BuildVerb object at 0xffffa2d8e200>>, mixin_verb=('build',))
[2.672s] Level 1:colcon.colcon_core.package_discovery:discover_packages(colcon_meta) check parameters
[2.673s] Level 1:colcon.colcon_core.package_discovery:discover_packages(recursive) check parameters
[2.674s] Level 1:colcon.colcon_core.package_discovery:discover_packages(ignore) check parameters
[2.675s] Level 1:colcon.colcon_core.package_discovery:discover_packages(path) check parameters
[2.675s] Level 1:colcon.colcon_core.package_discovery:discover_packages(colcon_meta) discover
[2.676s] Level 1:colcon.colcon_core.package_discovery:discover_packages(recursive) discover
[2.677s] INFO:colcon.colcon_core.package_discovery:Crawling recursively for packages in '/home/jblevins32/ros2_ws'
[2.678s] Level 1:colcon.colcon_core.package_identification:_identify(.) by extensions ['ignore', 'ignore_ament_install']
[2.679s] Level 1:colcon.colcon_core.package_identification:_identify(.) by extension 'ignore'
[2.681s] Level 1:colcon.colcon_core.package_identification:_identify(.) by extension 'ignore_ament_install'
[2.683s] Level 1:colcon.colcon_core.package_identification:_identify(.) by extensions ['colcon_pkg']
[2.684s] Level 1:colcon.colcon_core.package_identification:_identify(.) by extension 'colcon_pkg'
[2.685s] Level 1:colcon.colcon_core.package_identification:_identify(.) by extensions ['colcon_meta']
[2.686s] Level 1:colcon.colcon_core.package_identification:_identify(.) by extension 'colcon_meta'
[2.687s] Level 1:colcon.colcon_core.package_identification:_identify(.) by extensions ['ros']
[2.688s] Level 1:colcon.colcon_core.package_identification:_identify(.) by extension 'ros'
[2.781s] Level 1:colcon.colcon_core.package_identification:_identify(.) by extensions ['cmake', 'python']
[2.782s] Level 1:colcon.colcon_core.package_identification:_identify(.) by extension 'cmake'
[2.782s] Level 1:colcon.colcon_core.package_identification:_identify(.) by extension 'python'
[2.783s] Level 1:colcon.colcon_core.package_identification:_identify(.) by extensions ['python_setup_py']
[2.783s] Level 1:colcon.colcon_core.package_identification:_identify(.) by extension 'python_setup_py'
[2.784s] Level 1:colcon.colcon_core.package_identification:_identify(build) by extensions ['ignore', 'ignore_ament_install']
[2.785s] Level 1:colcon.colcon_core.package_identification:_identify(build) by extension 'ignore'
[2.785s] Level 1:colcon.colcon_core.package_identification:_identify(build) ignored
[2.786s] Level 1:colcon.colcon_core.package_identification:_identify(install) by extensions ['ignore', 'ignore_ament_install']
[2.787s] Level 1:colcon.colcon_core.package_identification:_identify(install) by extension 'ignore'
[2.787s] Level 1:colcon.colcon_core.package_identification:_identify(install) ignored
[2.788s] Level 1:colcon.colcon_core.package_identification:_identify(log) by extensions ['ignore', 'ignore_ament_install']
[2.789s] Level 1:colcon.colcon_core.package_identification:_identify(log) by extension 'ignore'
[2.789s] Level 1:colcon.colcon_core.package_identification:_identify(log) ignored
[2.790s] Level 1:colcon.colcon_core.package_identification:_identify(py_pubsub) by extensions ['ignore', 'ignore_ament_install']
[2.791s] Level 1:colcon.colcon_core.package_identification:_identify(py_pubsub) by extension 'ignore'
[2.791s] Level 1:colcon.colcon_core.package_identification:_identify(py_pubsub) by extension 'ignore_ament_install'
[2.792s] Level 1:colcon.colcon_core.package_identification:_identify(py_pubsub) by extensions ['colcon_pkg']
[2.792s] Level 1:colcon.colcon_core.package_identification:_identify(py_pubsub) by extension 'colcon_pkg'
[2.792s] Level 1:colcon.colcon_core.package_identification:_identify(py_pubsub) by extensions ['colcon_meta']
[2.792s] Level 1:colcon.colcon_core.package_identification:_identify(py_pubsub) by extension 'colcon_meta'
[2.792s] Level 1:colcon.colcon_core.package_identification:_identify(py_pubsub) by extensions ['ros']
[2.792s] Level 1:colcon.colcon_core.package_identification:_identify(py_pubsub) by extension 'ros'
[2.801s] DEBUG:colcon.colcon_core.package_identification:Package 'py_pubsub' with type 'ros.ament_python' and name 'py_pubsub'
[2.801s] Level 1:colcon.colcon_core.package_discovery:discover_packages(recursive) using defaults
[2.802s] Level 1:colcon.colcon_core.package_discovery:discover_packages(ignore) discover
[2.802s] Level 1:colcon.colcon_core.package_discovery:discover_packages(ignore) using defaults
[2.802s] Level 1:colcon.colcon_core.package_discovery:discover_packages(path) discover
[2.802s] Level 1:colcon.colcon_core.package_discovery:discover_packages(path) using defaults
[3.082s] Level 1:colcon.colcon_core.package_discovery:discover_packages(prefix_path) check parameters
[3.083s] Level 1:colcon.colcon_core.package_discovery:discover_packages(prefix_path) discover
[3.107s] DEBUG:colcon.colcon_installed_package_information.package_discovery:Found 7 installed packages in /home/jblevins32/turtlebot3_ws/install
[3.121s] DEBUG:colcon.colcon_installed_package_information.package_discovery:Found 327 installed packages in /opt/ros/humble
[3.132s] Level 1:colcon.colcon_core.package_discovery:discover_packages(prefix_path) using defaults
[3.511s] Level 5:colcon.colcon_core.verb:set package 'py_pubsub' build argument 'cmake_args' from command line to 'None'
[3.512s] Level 5:colcon.colcon_core.verb:set package 'py_pubsub' build argument 'cmake_target' from command line to 'None'
[3.512s] Level 5:colcon.colcon_core.verb:set package 'py_pubsub' build argument 'cmake_target_skip_unavailable' from command line to 'False'
[3.512s] Level 5:colcon.colcon_core.verb:set package 'py_pubsub' build argument 'cmake_clean_cache' from command line to 'False'
[3.513s] Level 5:colcon.colcon_core.verb:set package 'py_pubsub' build argument 'cmake_clean_first' from command line to 'False'
[3.513s] Level 5:colcon.colcon_core.verb:set package 'py_pubsub' build argument 'cmake_force_configure' from command line to 'False'
[3.513s] Level 5:colcon.colcon_core.verb:set package 'py_pubsub' build argument 'ament_cmake_args' from command line to 'None'
[3.513s] Level 5:colcon.colcon_core.verb:set package 'py_pubsub' build argument 'catkin_cmake_args' from command line to 'None'
[3.513s] Level 5:colcon.colcon_core.verb:set package 'py_pubsub' build argument 'catkin_skip_building_tests' from command line to 'False'
[3.514s] DEBUG:colcon.colcon_core.verb:Building package 'py_pubsub' with the following arguments: {'ament_cmake_args': None, 'build_base': '/home/jblevins32/ros2_ws/build/py_pubsub', 'catkin_cmake_args': None, 'catkin_skip_building_tests': False, 'cmake_args': None, 'cmake_clean_cache': False, 'cmake_clean_first': False, 'cmake_force_configure': False, 'cmake_target': None, 'cmake_target_skip_unavailable': False, 'install_base': '/home/jblevins32/ros2_ws/install/py_pubsub', 'merge_install': False, 'path': '/home/jblevins32/ros2_ws/py_pubsub', 'symlink_install': False, 'test_result_base': None}
[3.515s] INFO:colcon.colcon_core.executor:Executing jobs using 'parallel' executor
[3.523s] DEBUG:colcon.colcon_parallel_executor.executor.parallel:run_until_complete
[3.525s] INFO:colcon.colcon_ros.task.ament_python.build:Building ROS package in '/home/jblevins32/ros2_ws/py_pubsub' with build type 'ament_python'
[3.527s] Level 1:colcon.colcon_core.shell:create_environment_hook('py_pubsub', 'ament_prefix_path')
[3.554s] INFO:colcon.colcon_core.plugin_system:Skipping extension 'colcon_core.shell.bat': Not used on non-Windows systems
[3.556s] INFO:colcon.colcon_core.shell:Creating environment hook '/home/jblevins32/ros2_ws/install/py_pubsub/share/py_pubsub/hook/ament_prefix_path.ps1'
[3.564s] INFO:colcon.colcon_core.shell:Creating environment descriptor '/home/jblevins32/ros2_ws/install/py_pubsub/share/py_pubsub/hook/ament_prefix_path.dsv'
[3.576s] INFO:colcon.colcon_core.shell:Creating environment hook '/home/jblevins32/ros2_ws/install/py_pubsub/share/py_pubsub/hook/ament_prefix_path.sh'
[3.590s] INFO:colcon.colcon_core.shell:Skip shell extension 'powershell' for command environment: Not usable outside of PowerShell
[3.592s] DEBUG:colcon.colcon_core.shell:Skip shell extension 'dsv' for command environment
[6.387s] INFO:colcon.colcon_core.task.python.build:Building Python package in '/home/jblevins32/ros2_ws/py_pubsub'
[6.391s] INFO:colcon.colcon_core.shell:Skip shell extension 'powershell' for command environment: Not usable outside of PowerShell
[6.393s] DEBUG:colcon.colcon_core.shell:Skip shell extension 'dsv' for command environment
[10.699s] DEBUG:colcon.colcon_core.event_handler.log_command:Invoking command in '/home/jblevins32/ros2_ws/py_pubsub': PYTHONPATH=/home/jblevins32/ros2_ws/build/py_pubsub/prefix_override:/home/jblevins32/ros2_ws/install/py_pubsub/lib/python3.10/site-packages:${PYTHONPATH} /usr/bin/python3 -W ignore:setup.py install is deprecated setup.py egg_info --egg-base ../build/py_pubsub build --build-base /home/jblevins32/ros2_ws/build/py_pubsub/build install --record /home/jblevins32/ros2_ws/build/py_pubsub/install.log --single-version-externally-managed install_data
[14.071s] DEBUG:colcon.colcon_core.event_handler.log_command:Invoked command in '/home/jblevins32/ros2_ws/py_pubsub' returned '0': PYTHONPATH=/home/jblevins32/ros2_ws/build/py_pubsub/prefix_override:/home/jblevins32/ros2_ws/install/py_pubsub/lib/python3.10/site-packages:${PYTHONPATH} /usr/bin/python3 -W ignore:setup.py install is deprecated setup.py egg_info --egg-base ../build/py_pubsub build --build-base /home/jblevins32/ros2_ws/build/py_pubsub/build install --record /home/jblevins32/ros2_ws/build/py_pubsub/install.log --single-version-externally-managed install_data
[14.131s] Level 1:colcon.colcon_core.environment:checking '/home/jblevins32/ros2_ws/install/py_pubsub' for CMake module files
[14.142s] Level 1:colcon.colcon_core.environment:checking '/home/jblevins32/ros2_ws/install/py_pubsub' for CMake config files
[14.159s] Level 1:colcon.colcon_core.environment:checking '/home/jblevins32/ros2_ws/install/py_pubsub/lib'
[14.164s] Level 1:colcon.colcon_core.environment:checking '/home/jblevins32/ros2_ws/install/py_pubsub/bin'
[14.167s] Level 1:colcon.colcon_core.environment:checking '/home/jblevins32/ros2_ws/install/py_pubsub/lib/pkgconfig/py_pubsub.pc'
[14.169s] Level 1:colcon.colcon_core.environment:checking '/home/jblevins32/ros2_ws/install/py_pubsub/lib/python3.10/site-packages'
[14.169s] Level 1:colcon.colcon_core.shell:create_environment_hook('py_pubsub', 'pythonpath')
[14.170s] INFO:colcon.colcon_core.shell:Creating environment hook '/home/jblevins32/ros2_ws/install/py_pubsub/share/py_pubsub/hook/pythonpath.ps1'
[14.172s] INFO:colcon.colcon_core.shell:Creating environment descriptor '/home/jblevins32/ros2_ws/install/py_pubsub/share/py_pubsub/hook/pythonpath.dsv'
[14.174s] INFO:colcon.colcon_core.shell:Creating environment hook '/home/jblevins32/ros2_ws/install/py_pubsub/share/py_pubsub/hook/pythonpath.sh'
[14.177s] Level 1:colcon.colcon_core.environment:checking '/home/jblevins32/ros2_ws/install/py_pubsub/bin'
[14.177s] Level 1:colcon.colcon_core.environment:create_environment_scripts_only(py_pubsub)
[14.179s] INFO:colcon.colcon_core.shell:Creating package script '/home/jblevins32/ros2_ws/install/py_pubsub/share/py_pubsub/package.ps1'
[14.182s] INFO:colcon.colcon_core.shell:Creating package descriptor '/home/jblevins32/ros2_ws/install/py_pubsub/share/py_pubsub/package.dsv'
[14.185s] INFO:colcon.colcon_core.shell:Creating package script '/home/jblevins32/ros2_ws/install/py_pubsub/share/py_pubsub/package.sh'
[14.195s] INFO:colcon.colcon_core.shell:Creating package script '/home/jblevins32/ros2_ws/install/py_pubsub/share/py_pubsub/package.bash'
[14.205s] INFO:colcon.colcon_core.shell:Creating package script '/home/jblevins32/ros2_ws/install/py_pubsub/share/py_pubsub/package.zsh'
[14.213s] Level 1:colcon.colcon_core.environment:create_file_with_runtime_dependencies(/home/jblevins32/ros2_ws/install/py_pubsub/share/colcon-core/packages/py_pubsub)
[14.222s] DEBUG:colcon.colcon_parallel_executor.executor.parallel:closing loop
[14.227s] DEBUG:colcon.colcon_parallel_executor.executor.parallel:loop closed
[14.229s] DEBUG:colcon.colcon_parallel_executor.executor.parallel:run_until_complete finished with '0'
[14.231s] DEBUG:colcon.colcon_core.event_reactor:joining thread
[14.297s] INFO:colcon.colcon_core.plugin_system:Skipping extension 'colcon_notification.desktop_notification.notify_send': Could not find 'notify-send'
[14.298s] INFO:colcon.colcon_core.plugin_system:Skipping extension 'colcon_notification.desktop_notification.terminal_notifier': Not used on non-Darwin systems
[14.299s] INFO:colcon.colcon_core.plugin_system:Skipping extension 'colcon_notification.desktop_notification.win32': Not used on non-Windows systems
[14.301s] INFO:colcon.colcon_notification.desktop_notification:Sending desktop notification using 'notify2'
[14.317s] DEBUG:colcon.colcon_notification.desktop_notification.notify2:Failed to initialize notify2: org.freedesktop.DBus.Error.ServiceUnknown: The name org.freedesktop.Notifications was not provided by any .service files
[14.320s] DEBUG:colcon.colcon_core.event_reactor:joined thread
[14.328s] INFO:colcon.colcon_core.shell:Creating prefix script '/home/jblevins32/ros2_ws/install/local_setup.ps1'
[14.353s] INFO:colcon.colcon_core.shell:Creating prefix util module '/home/jblevins32/ros2_ws/install/_local_setup_util_ps1.py'
[14.372s] INFO:colcon.colcon_core.shell:Creating prefix chain script '/home/jblevins32/ros2_ws/install/setup.ps1'
[14.391s] INFO:colcon.colcon_core.shell:Creating prefix script '/home/jblevins32/ros2_ws/install/local_setup.sh'
[14.395s] INFO:colcon.colcon_core.shell:Creating prefix util module '/home/jblevins32/ros2_ws/install/_local_setup_util_sh.py'
[14.399s] INFO:colcon.colcon_core.shell:Creating prefix chain script '/home/jblevins32/ros2_ws/install/setup.sh'
[14.406s] INFO:colcon.colcon_core.shell:Creating prefix script '/home/jblevins32/ros2_ws/install/local_setup.bash'
[14.409s] INFO:colcon.colcon_core.shell:Creating prefix chain script '/home/jblevins32/ros2_ws/install/setup.bash'
[14.421s] INFO:colcon.colcon_core.shell:Creating prefix script '/home/jblevins32/ros2_ws/install/local_setup.zsh'
[14.428s] INFO:colcon.colcon_core.shell:Creating prefix chain script '/home/jblevins32/ros2_ws/install/setup.zsh'
