[3.059s] Invoking command in '/home/jblevins32/ros2_ws/py_pubsub': PYTHONPATH=/home/jblevins32/ros2_ws/build/py_pubsub/prefix_override:/home/jblevins32/ros2_ws/install/py_pubsub/lib/python3.10/site-packages:${PYTHONPATH} /usr/bin/python3 -W ignore:setup.py install is deprecated setup.py egg_info --egg-base ../build/py_pubsub build --build-base /home/jblevins32/ros2_ws/build/py_pubsub/build install --record /home/jblevins32/ros2_ws/build/py_pubsub/install.log --single-version-externally-managed install_data
[4.454s] running egg_info
[4.458s] writing ../build/py_pubsub/py_pubsub.egg-info/PKG-INFO
[4.460s] writing dependency_links to ../build/py_pubsub/py_pubsub.egg-info/dependency_links.txt
[4.461s] writing entry points to ../build/py_pubsub/py_pubsub.egg-info/entry_points.txt
[4.463s] writing requirements to ../build/py_pubsub/py_pubsub.egg-info/requires.txt
[4.464s] writing top-level names to ../build/py_pubsub/py_pubsub.egg-info/top_level.txt
[4.472s] reading manifest file '../build/py_pubsub/py_pubsub.egg-info/SOURCES.txt'
[4.473s] adding license file 'LICENSE'
[4.476s] writing manifest file '../build/py_pubsub/py_pubsub.egg-info/SOURCES.txt'
[4.477s] running build
[4.477s] running build_py
[4.478s] copying py_pubsub/publisher_member_function.py -> /home/jblevins32/ros2_ws/build/py_pubsub/build/lib/py_pubsub
[4.480s] copying py_pubsub/subscriber_member_function.py -> /home/jblevins32/ros2_ws/build/py_pubsub/build/lib/py_pubsub
[4.481s] running install
[4.483s] running install_lib
[4.487s] copying /home/jblevins32/ros2_ws/build/py_pubsub/build/lib/py_pubsub/publisher_member_function.py -> /home/jblevins32/ros2_ws/install/py_pubsub/lib/python3.10/site-packages/py_pubsub
[4.488s] copying /home/jblevins32/ros2_ws/build/py_pubsub/build/lib/py_pubsub/subscriber_member_function.py -> /home/jblevins32/ros2_ws/install/py_pubsub/lib/python3.10/site-packages/py_pubsub
[4.492s] byte-compiling /home/jblevins32/ros2_ws/install/py_pubsub/lib/python3.10/site-packages/py_pubsub/publisher_member_function.py to publisher_member_function.cpython-310.pyc
[4.494s] byte-compiling /home/jblevins32/ros2_ws/install/py_pubsub/lib/python3.10/site-packages/py_pubsub/subscriber_member_function.py to subscriber_member_function.cpython-310.pyc
[4.497s] running install_data
[4.498s] running install_egg_info
[4.505s] removing '/home/jblevins32/ros2_ws/install/py_pubsub/lib/python3.10/site-packages/py_pubsub-0.0.0-py3.10.egg-info' (and everything under it)
[4.507s] Copying ../build/py_pubsub/py_pubsub.egg-info to /home/jblevins32/ros2_ws/install/py_pubsub/lib/python3.10/site-packages/py_pubsub-0.0.0-py3.10.egg-info
[4.514s] running install_scripts
[4.603s] Installing listener script to /home/jblevins32/ros2_ws/install/py_pubsub/lib/py_pubsub
[4.604s] Installing talker script to /home/jblevins32/ros2_ws/install/py_pubsub/lib/py_pubsub
[4.606s] writing list of installed files to '/home/jblevins32/ros2_ws/build/py_pubsub/install.log'
[4.749s] Invoked command in '/home/jblevins32/ros2_ws/py_pubsub' returned '0': PYTHONPATH=/home/jblevins32/ros2_ws/build/py_pubsub/prefix_override:/home/jblevins32/ros2_ws/install/py_pubsub/lib/python3.10/site-packages:${PYTHONPATH} /usr/bin/python3 -W ignore:setup.py install is deprecated setup.py egg_info --egg-base ../build/py_pubsub build --build-base /home/jblevins32/ros2_ws/build/py_pubsub/build install --record /home/jblevins32/ros2_ws/build/py_pubsub/install.log --single-version-externally-managed install_data
