[3.008s] Invoking command in '/home/jblevins32/ros2_ws/py_pubsub': PYTHONPATH=/home/jblevins32/ros2_ws/build/py_pubsub/prefix_override:/home/jblevins32/ros2_ws/install/py_pubsub/lib/python3.10/site-packages:${PYTHONPATH} /usr/bin/python3 -W ignore:setup.py install is deprecated setup.py egg_info --egg-base ../build/py_pubsub build --build-base /home/jblevins32/ros2_ws/build/py_pubsub/build install --record /home/jblevins32/ros2_ws/build/py_pubsub/install.log --single-version-externally-managed install_data
[4.165s] running egg_info
[4.168s] writing ../build/py_pubsub/py_pubsub.egg-info/PKG-INFO
[4.170s] writing dependency_links to ../build/py_pubsub/py_pubsub.egg-info/dependency_links.txt
[4.172s] writing entry points to ../build/py_pubsub/py_pubsub.egg-info/entry_points.txt
[4.174s] writing requirements to ../build/py_pubsub/py_pubsub.egg-info/requires.txt
[4.175s] writing top-level names to ../build/py_pubsub/py_pubsub.egg-info/top_level.txt
[4.183s] reading manifest file '../build/py_pubsub/py_pubsub.egg-info/SOURCES.txt'
[4.185s] adding license file 'LICENSE'
[4.187s] writing manifest file '../build/py_pubsub/py_pubsub.egg-info/SOURCES.txt'
[4.188s] running build
[4.188s] running build_py
[4.189s] copying py_pubsub/publisher_member_function.py -> /home/jblevins32/ros2_ws/build/py_pubsub/build/lib/py_pubsub
[4.191s] running install
[4.192s] running install_lib
[4.195s] copying /home/jblevins32/ros2_ws/build/py_pubsub/build/lib/py_pubsub/publisher_member_function.py -> /home/jblevins32/ros2_ws/install/py_pubsub/lib/python3.10/site-packages/py_pubsub
[4.199s] byte-compiling /home/jblevins32/ros2_ws/install/py_pubsub/lib/python3.10/site-packages/py_pubsub/publisher_member_function.py to publisher_member_function.cpython-310.pyc
[4.202s] running install_data
[4.202s] running install_egg_info
[4.209s] removing '/home/jblevins32/ros2_ws/install/py_pubsub/lib/python3.10/site-packages/py_pubsub-0.0.0-py3.10.egg-info' (and everything under it)
[4.211s] Copying ../build/py_pubsub/py_pubsub.egg-info to /home/jblevins32/ros2_ws/install/py_pubsub/lib/python3.10/site-packages/py_pubsub-0.0.0-py3.10.egg-info
[4.216s] running install_scripts
[4.298s] Installing listener script to /home/jblevins32/ros2_ws/install/py_pubsub/lib/py_pubsub
[4.299s] Installing talker script to /home/jblevins32/ros2_ws/install/py_pubsub/lib/py_pubsub
[4.301s] writing list of installed files to '/home/jblevins32/ros2_ws/build/py_pubsub/install.log'
[4.423s] Invoked command in '/home/jblevins32/ros2_ws/py_pubsub' returned '0': PYTHONPATH=/home/jblevins32/ros2_ws/build/py_pubsub/prefix_override:/home/jblevins32/ros2_ws/install/py_pubsub/lib/python3.10/site-packages:${PYTHONPATH} /usr/bin/python3 -W ignore:setup.py install is deprecated setup.py egg_info --egg-base ../build/py_pubsub build --build-base /home/jblevins32/ros2_ws/build/py_pubsub/build install --record /home/jblevins32/ros2_ws/build/py_pubsub/install.log --single-version-externally-managed install_data
